<?xml version="1.0" encoding="UTF-8"?>
<testsuite xmlns:xsi="http://www.w3.org/2001/XMLSchema-instance" xsi:noNamespaceSchemaLocation="https://maven.apache.org/surefire/maven-surefire-plugin/xsd/surefire-test-report-3.0.xsd" version="3.0" name="Signup page check" time="96.431" tests="1" errors="0" skipped="0" failures="0">
  <properties>
[...]
</properties>
  <testcase name="To Register new User and Signout" classname="Signup page check" time="96.431">
    <system-out><![CDATA[
Scenario Outline: To Register new User and Signout                                # src/test/resources/features/Signup.feature:48
prop is {My_acc=My account - My Store, browser=chrome, Signup_title=Login - My Store}
browse is chrome
Tests are Running on chrome
user is already present
  Given User is already on Login page                                             # stepdefs.Logindefs.user_is_already_on_login_page()
Login - My Store
  Then User verifies the title of the page                                        # stepdefs.Logindefs.user_verifies_the_title_of_the_page()
true
  And User verifies for the logo display                                          # stepdefs.Logindefs.user_verifies_for_the_logo_display()
true
  And User verifies for account creation text                                     # stepdefs.Logindefs.user_verifies_for_account_creation_text()
  When User clicks create account without email                                   # stepdefs.Logindefs.user_clicks_create_account_without_email()
  Then Error text should get displayed                                            # stepdefs.Logindefs.error_text_should_get_displayed()
  Then User enters the following username                                         # stepdefs.Logindefs.user_enters_the_username_something(io.cucumber.datatable.DataTable)
  And clicks on the create account button                                         # stepdefs.Logindefs.clicks_on_the_create_account_button()
****************************
user is on create account page
****************************
  Given User is already on the createacc page                                     # stepdefs.Logindefs.user_is_already_on_the_createacc_page()
  Then User selects the gender                                                    # stepdefs.Logindefs.user_selects_the_gender()
Darshan
  And User enters the fname under perosnal information "Darshan"                  # stepdefs.Logindefs.user_enters_the_fname_under_perosnal_information_something(java.lang.String)
Mesta
  And User enters the lname under personal information "Mesta"                    # stepdefs.Logindefs.user_enters_the_lname_under_personal_information_something(java.lang.String)
  And User enters the email under personal information "darshanmesta47@gmail.com" # stepdefs.Logindefs.user_enters_the_email_under_personal_information_something(java.lang.String)
  And User enters the password under personal information "DarshanKA47"           # stepdefs.Logindefs.user_enters_the_password_under_personal_information_something(java.lang.String)
  And User selects the day "24"                                                   # stepdefs.Logindefs.user_selects_the_day_something(java.lang.String)
  And User selects the month "March"                                              # stepdefs.Logindefs.user_selects_the_month_something(java.lang.String)
  And User selects the Year "1995"                                                # stepdefs.Logindefs.user_selects_the_year_something(java.lang.String)
Darshan
  Then User enters the fname under address section "Darshan"                      # stepdefs.Logindefs.user_enters_the_fname_under_address_section_something(java.lang.String)
Mesta
  And User enters the lname under address section "Mesta"                         # stepdefs.Logindefs.user_enters_the_lname_under_address_section_something(java.lang.String)
Abcd
  And User enters the company under under address section "Abcd"                  # stepdefs.Logindefs.user_enters_the_company_under_under_address_section_something(java.lang.String)
500 atrium dr
  And User enters the address as "500 atrium dr"                                  # stepdefs.Logindefs.user_enters_the_address_as_something(java.lang.String)
  And User enters the city as "Somerset"                                          # stepdefs.Logindefs.user_enters_the_city_as_something(java.lang.String)
  And User selects the state as "New Jersey"                                      # stepdefs.Logindefs.user_selects_the_state_as_something(java.lang.String)
08873
  And User selects the zip code "08873"                                           # stepdefs.Logindefs.user_selects_the_zip_code_something(java.lang.String)
  And User selects the Country "United States"                                    # stepdefs.Logindefs.user_selects_the_country_something(java.lang.String)
9019291929
  And User enters the Mobilenumber as "9019291929"                                # stepdefs.Logindefs.user_enters_the_mobilenumber_as_something(java.lang.String)
Home
  And User clears and enters the alias "Home"                                     # stepdefs.Logindefs.user_clears_and_enters_the_alias_something(java.lang.String)
  Then User clicks on the Register Button                                         # stepdefs.Logindefs.user_clicks_on_the_register_button()
My account - My Store is from useracc page
*** Last generated email ***
darshanmesta1421@gmail.com
  And User lands on the Useraccount page                                          # stepdefs.Logindefs.user_lands_on_the_useraccount_page()
  Then User verifies for the username                                             # stepdefs.Logindefs.user_verifies_for_the_username()
My account - My Store is from page
  And User verifies for the title of the page                                     # stepdefs.Logindefs.user_verifies_for_the_title_of_the_page()
  And User clicks on signout                                                      # stepdefs.Logindefs.user_clicks_on_signout()
Login - My Store is from reg page 
User is on the registartion page
  Then User lands on the registartion page                                        # stepdefs.Logindefs.user_lands_on_the_registartion_page()
]]></system-out>
    <system-err><![CDATA[Starting ChromeDriver 87.0.4280.88 (89e2380a3e36c3464b5dd1302349b1382549290d-refs/branch-heads/4280@{#1761}) on port 27954
Only local connections are allowed.
Please see https://chromedriver.chromium.org/security-considerations for suggestions on keeping ChromeDriver safe.
ChromeDriver was started successfully.
Dec 28, 2020 9:11:41 AM org.openqa.selenium.remote.ProtocolHandshake createSession
INFO: Detected dialect: W3C
]]></system-err>
  </testcase>
</testsuite>